C:\VS\PAGERANK\DEBUG\PAGERANK.EXE
C:\VS\PAGERANK\DEBUG\PAGERANK.ILK
C:\VS\PAGERANK\DEBUG\PAGERANK.PDB
C:\VS\PageRank\PageRank\Debug\cl.command.1.tlog
C:\VS\PageRank\PageRank\Debug\CL.read.1.tlog
C:\VS\PageRank\PageRank\Debug\CL.write.1.tlog
C:\VS\PageRank\PageRank\Debug\link.8848.read.1.tlog
C:\VS\PageRank\PageRank\Debug\link.8848.write.1.tlog
C:\VS\PageRank\PageRank\Debug\link.8848-cvtres.read.1.tlog
C:\VS\PageRank\PageRank\Debug\link.8848-cvtres.write.1.tlog
C:\VS\PageRank\PageRank\Debug\link.command.1.tlog
C:\VS\PageRank\PageRank\Debug\link.read.1.tlog
C:\VS\PageRank\PageRank\Debug\link.write.1.tlog
C:\VS\PageRank\PageRank\Debug\link-cvtres.read.1.tlog
C:\VS\PageRank\PageRank\Debug\link-cvtres.write.1.tlog
C:\VS\PageRank\PageRank\Debug\mt.command.1.tlog
C:\VS\PageRank\PageRank\Debug\mt.read.1.tlog
C:\VS\PageRank\PageRank\Debug\mt.write.1.tlog
C:\VS\PAGERANK\PAGERANK\DEBUG\PAGERANK.EXE.EMBED.MANIFEST
C:\VS\PAGERANK\PAGERANK\DEBUG\PAGERANK.EXE.EMBED.MANIFEST.RES
C:\VS\PAGERANK\PAGERANK\DEBUG\PAGERANK.EXE.INTERMEDIATE.MANIFEST
C:\VS\PAGERANK\PAGERANK\DEBUG\PAGERANK.OBJ
C:\VS\PageRank\PageRank\Debug\PageRank.write.1.tlog
C:\VS\PageRank\PageRank\Debug\PageRank_manifest.rc
C:\VS\PageRank\PageRank\Debug\rc.command.1.tlog
C:\VS\PageRank\PageRank\Debug\rc.read.1.tlog
C:\VS\PageRank\PageRank\Debug\rc.write.1.tlog
C:\VS\PageRank\PageRank\Debug\vc100.idb
C:\VS\PAGERANK\PAGERANK\DEBUG\VC100.PDB
